F                                                                        [100%]
=================================== FAILURES ===================================
_ test_write_benchmark_regression_report_when_default_guard_runs_1000_node_case _

tmp_path = PosixPath('/tmp/pytest-of-jxm/pytest-254/test_write_benchmark_regressio0')

    def test_write_benchmark_regression_report_when_default_guard_runs_1000_node_case(
        tmp_path: Path,
    ) -> None:
        report_path = tmp_path / "pyz1-benchmark-regression.md"

        records = write_benchmark_regression_report(
            RegressionRequest(
                source_dir=SOURCE_Z1,
                oracle_root=ORACLE_ROOT,
                report_path=report_path,
                modes=(RegressionMode.SPPLUS,),
                benchmark_ids=("05", "06"),
            ),
        )

        assert records[0].status == RegressionStatus.MISMATCH
        assert records[0].node_count_mismatches == 0
>       assert records[0].chain_contour_residuals is not None
               ^^^^^^^^^^^^^^^^^^^^^^^^^^^^^^^^^^
E       AttributeError: 'RegressionRecord' object has no attribute 'chain_contour_residuals'

tests/test_spplus_regression.py:232: AttributeError
=========================== short test summary info ============================
FAILED tests/test_spplus_regression.py::test_write_benchmark_regression_report_when_default_guard_runs_1000_node_case
1 failed in 31.41s
