actual chain9 contour=10.661034261796697 nodes=3
  node=1 source=1 pos=(-3.746500,1.138700,0.534970) pair=None
  node=2 source=6.5 pos=(-5.012500,-0.935600,2.987500) pair=(27, 1)
  node=3 source=20 pos=(-0.721590,-2.599100,8.535700) pair=None
  segments=3.452590,7.208444
oracle chain9 contour=9.396915022094282 nodes=3
  node=1 source=1 pos=(-3.746500,1.138700,0.534970) pair=None
  node=2 source=6.5 pos=(-3.476827,0.201166,1.775736) pair=(27, 1)
  node=3 source=20 pos=(-0.721590,-2.599100,8.535700) pair=None
  segments=1.578352,7.818563
actual chain27 contour=9.040221112557212 nodes=4
  node=1 source=1 pos=(-2.756300,0.018939,0.541860) pair=None
  node=2 source=2.43 pos=(-3.466043,0.192181,1.801850) pair=(9, 2)
  node=3 source=6.71 pos=(-4.161573,0.164689,3.088986) pair=(19, 1)
  node=4 source=20 pos=(-5.942100,-0.755290,8.872000) pair=None
  segments=1.456476,1.463297,6.120448
oracle chain27 contour=9.040221112557212 nodes=4
  node=1 source=1 pos=(-2.756300,0.018939,0.541860) pair=None
  node=2 source=2.43 pos=(-3.466043,0.192181,1.801850) pair=(9, 2)
  node=3 source=6.71 pos=(-4.161573,0.164689,3.088986) pair=(19, 1)
  node=4 source=20 pos=(-5.942100,-0.755290,8.872000) pair=None
  segments=1.456476,1.463297,6.120448
