Looking in indexes: https://pypi.tuna.tsinghua.edu.cn/simple
Obtaining file:///public/home/jxm/pyz1-cleanroom-runs/task-182-regression-ne-deltas/Z1
  Checking if build backend supports build_editable: started
  Checking if build backend supports build_editable: finished with status 'done'
  Preparing editable metadata (pyproject.toml): started
  Preparing editable metadata (pyproject.toml): finished with status 'done'
Building wheels for collected packages: pyz1
  Building editable for pyz1 (pyproject.toml): started
  Building editable for pyz1 (pyproject.toml): finished with status 'done'
  Created wheel for pyz1: filename=pyz1-0.1.0-0.editable-py3-none-any.whl size=5111 sha256=f8a38dfe024cfc806a3569ff9e0b79b4d68261cae34d82eec94edab7b05d0112
  Stored in directory: /tmp/pip-ephem-wheel-cache-t9rb9ip9/wheels/6f/33/e5/2ae0914abc083105084c8d7e8c0f04cd248c040874b1671354
Successfully built pyz1
Installing collected packages: pyz1
  Attempting uninstall: pyz1
    Found existing installation: pyz1 0.1.0
    Not uninstalling pyz1 at /public/home/jxm/codex_runs/z1-task129-20260705-230350/.mm-env/lib/python3.11/site-packages, outside environment /public/home/jxm/pyz1-cleanroom-runs/task-182-regression-ne-deltas/package-venv-final
    Can't uninstall 'pyz1'. No files were found to uninstall.
Successfully installed pyz1-0.1.0
[pyz1] wrote 1 benchmark regression records to /public/home/jxm/pyz1-cleanroom-runs/task-182-regression-ne-deltas/artifacts/benchmark-05-spplus-ne-deltas-final.md
| benchmark | mode | contact relaxation | status | statistical status | Lpp delta | Z delta | Ne classical coil delta | Ne modified coil delta | max chain contour delta | max chain contour delta chain | mean chain contour delta | rms chain contour delta | chain contour residual count | chain contour residual fraction | chain contour residual median delta | chain contour residual p95 delta | chain contour residual details | summary field mismatches | pair mismatches | node count mismatches | max node position delta | max node delta chain | max node delta node | max node delta actual source | max node delta expected source | max node source bead delta | max source delta chain | max source delta node | source bead residual details | max node actual pair fraction | max node actual pair distance | max node expected pair fraction | max node expected pair distance | pyz1 core nodes | pyz1 final nodes | pyz1 core trace nodes | pyz1 core trace ghosts | pyz1 core accepted blocked moves | pyz1 core transient blocked nodes | pyz1 first trace blocker chain | pyz1 first trace blocker node | pyz1 first trace shortcut fraction | pyz1 first trace blocker fraction | pyz1 first trace blocker distance | pyz1 projection traces | pyz1 first projection chain | pyz1 first projection node | pyz1 first projection fraction | oracle core nodes | oracle final nodes | oracle core crossings | oracle core ghosts | oracle core stage nodes | pyz1 core stage node count mismatches | pyz1 core stage max node position delta | pyz1 core stage source bead matches | pyz1 core stage source bead max delta | pyz1 obstacle pair sequence | oracle obstacle pair sequence | pyz1 winding candidates | pyz1 winding missing oracle sequence | pyz1 winding extra candidates | pyz1 convex winding candidates | pyz1 convex winding missing oracle sequence | pyz1 convex winding extra candidates | pyz1 convex selected winding sequence | pyz1 convex selected missing oracle sequence | pyz1 convex selected extra candidates | pyz1 blocked trace obstacle sequence | pyz1 retained blocked trace obstacle sequence | max oracle obstacle source delta | max oracle obstacle source delta chain | oracle obstacle source residual details | max oracle source segment rank | oracle source segment ambiguity details | oracle default source sequence | oracle source sequence matches default | pyz1 source sequence | pyz1 source sequence mismatches | pyz1 source sequence max delta | pyz1 source sequence residual details | pyz1 true-chain pair sequence | pyz1 true-chain contact candidate sequence | pyz1 true-chain contact candidate details | oracle-source nearest true-chain contact sequence | oracle true-chain pair sequence | pyz1 true-chain pair node sequence | oracle true-chain pair node sequence | summary mismatch details | note |
| benchmark-05 | spplus | yes | mismatch | passed | 0.00409694 | 0 | 0.0122531 | 0.613306 | 0.886959 | 5 | 0.171325 | 0.308536 | 32 | 0.64 | 0.147581 | 0.813482 | c1: 13.5694!=13.717(d=0.147581); c2: 10.8996!=10.9636(d=0.0639703); c3: 10.0509!=9.87377(d=0.177155); c4: 7.37859!=7.30604(d=0.0725493); c5: 9.57733!=8.69037(d=0.886959); c6: 12.8949!=12.8461(d=0.0488504); c9: 9.39527!=9.39692(d=0.00164831); c10: 14.1316!=13.367(d=0.764682); c11: 13.9316!=13.1519(d=0.77967); c12: 8.24998!=8.25483(d=0.00485171); c13: 13.9192!=13.5839(d=0.335285); c15: 5.33546!=5.30006(d=0.0353991); ... 20 more | 6 | 0 | 0 | 2.93256 | 2 | 4 | 11.95 | 11.95 | 0 | 1 | 1 | none | 0 | 0 | 0 | 2.34577 | 100 | 170 | 336 | 236 | 248 | 236 | 26 | 1 | 0.942126 | 0 | 0.173797 | 49 | n/a | n/a | n/a | 322 | 170 | 85 | 137 | n/a | n/a | n/a | n/a | n/a | 40,26 | 40,26 | 0 | 40,26 | 0 | 0 | 40,26 | 0 | none | 40,26 | 0 | none | none | 0 | n/a | none | 1 | none | 7.4,8.58 | yes | 7.4,8.58 | 0 | 0 | none | 40,26 | 6,40,26,12 | 6: s=6.33364 other=6 d=0.245215; 40: s=7.86379 other=11.6583 d=0.231641; 26: s=8.53175 other=1.27539 d=0.0407485; 12: s=15.4464 other=2.35457 d=0.0987767 | 40,26 | 40,26 | 3,2 | 3,2 | mean_shortest_path_contour: 10.252 != 10.248; coil_tube_diameter: 8.740 != 8.743; coil_tube_step_length: 0.540 != 0.539; root_mean_squared_contour: 10.623 != 10.614; ne_classical_coil: 16.198 != 16.210; ne_modified_coil: 73.212 != 73.825 | current clean-room reducer differs from oracle |
