Looking in indexes: https://pypi.tuna.tsinghua.edu.cn/simple
Obtaining file:///public/home/jxm/pyz1-cleanroom-runs/task-186-statistical-parity-summary-final/Z1
  Checking if build backend supports build_editable: started
  Checking if build backend supports build_editable: finished with status 'done'
  Preparing editable metadata (pyproject.toml): started
  Preparing editable metadata (pyproject.toml): finished with status 'done'
Building wheels for collected packages: pyz1
  Building editable for pyz1 (pyproject.toml): started
  Building editable for pyz1 (pyproject.toml): finished with status 'done'
  Created wheel for pyz1: filename=pyz1-0.1.0-0.editable-py3-none-any.whl size=5118 sha256=3b45a784b60b2d43009bd4fb97d8797fc6a77942d826d28f9826c0e426549849
  Stored in directory: /tmp/pip-ephem-wheel-cache-yn_7gho0/wheels/18/5a/a3/3c57cbe1f67154838284cb73bdb2a81a952a18406208f55538
Successfully built pyz1
Installing collected packages: pyz1
  Attempting uninstall: pyz1
    Found existing installation: pyz1 0.1.0
    Not uninstalling pyz1 at /public/home/jxm/codex_runs/z1-task129-20260705-230350/.mm-env/lib/python3.11/site-packages, outside environment /public/home/jxm/pyz1-cleanroom-runs/task-186-statistical-parity-summary-final/package-venv-final
    Can't uninstall 'pyz1'. No files were found to uninstall.
Successfully installed pyz1-0.1.0
[pyz1] wrote 2 benchmark regression records to /public/home/jxm/pyz1-cleanroom-runs/task-186-statistical-parity-summary-final/artifacts/benchmark-04-05-spplus-statistical-summary.md
## Statistical Parity Summary
| all | 2 | 2 | 0 | 1 | 1 | 0 | 0.00409694 | 0 | 0.171325 | 0.813482 |
| benchmark | mode | contact relaxation | status | statistical status | Lpp delta | Z delta | Ree delta | app delta | bpp delta | Lpp2 delta | b0 delta | density delta | Ne classical kink delta | Ne modified kink delta | Ne classical coil delta | Ne modified coil delta | max chain contour delta | max chain contour delta chain | mean chain contour delta | rms chain contour delta | chain contour residual count | chain contour residual fraction | chain contour residual median delta | chain contour residual p95 delta | chain contour residual details | summary field mismatches | pair mismatches | node count mismatches | max node position delta | max node delta chain | max node delta node | max node delta actual source | max node delta expected source | max node source bead delta | max source delta chain | max source delta node | source bead residual details | max node actual pair fraction | max node actual pair distance | max node expected pair fraction | max node expected pair distance | pyz1 core nodes | pyz1 final nodes | pyz1 core trace nodes | pyz1 core trace ghosts | pyz1 core accepted blocked moves | pyz1 core transient blocked nodes | pyz1 first trace blocker chain | pyz1 first trace blocker node | pyz1 first trace shortcut fraction | pyz1 first trace blocker fraction | pyz1 first trace blocker distance | pyz1 projection traces | pyz1 first projection chain | pyz1 first projection node | pyz1 first projection fraction | oracle core nodes | oracle final nodes | oracle core crossings | oracle core ghosts | oracle core stage nodes | pyz1 core stage node count mismatches | pyz1 core stage max node position delta | pyz1 core stage source bead matches | pyz1 core stage source bead max delta | pyz1 obstacle pair sequence | oracle obstacle pair sequence | pyz1 winding candidates | pyz1 winding missing oracle sequence | pyz1 winding extra candidates | pyz1 convex winding candidates | pyz1 convex winding missing oracle sequence | pyz1 convex winding extra candidates | pyz1 convex selected winding sequence | pyz1 convex selected missing oracle sequence | pyz1 convex selected extra candidates | pyz1 blocked trace obstacle sequence | pyz1 retained blocked trace obstacle sequence | max oracle obstacle source delta | max oracle obstacle source delta chain | oracle obstacle source residual details | max oracle source segment rank | oracle source segment ambiguity details | oracle default source sequence | oracle source sequence matches default | pyz1 source sequence | pyz1 source sequence mismatches | pyz1 source sequence max delta | pyz1 source sequence residual details | pyz1 true-chain pair sequence | pyz1 true-chain contact candidate sequence | pyz1 true-chain contact candidate details | oracle-source nearest true-chain contact sequence | oracle true-chain pair sequence | pyz1 true-chain pair node sequence | oracle true-chain pair node sequence | summary mismatch details | note |
