actual chain 18
1 1.0 -0.030464 -1.5162 0.6286 none
2 5.0 1.6143712627861353 0.1514236844876265 -1.0724183413510715 4:3
3 9.0 3.1719385714805295 0.5933033030480652 -2.9851043327581306 48:2
4 20.0 8.4652 0.34976 -5.3814 none
seg 2.8948083170361336
seg 2.505921231830207
seg 5.815510537859398
contour 11.216240086725739
oracle chain 18
1 1.0 -0.030464 -1.5162 0.6286 none
2 5.0 1.598314 0.157656 -1.032303 4:3
3 9.0 2.83562 0.726703 -2.656775 48:2
4 20.0 8.4652 0.34976 -5.3814 none
seg 2.8658873769618025
seg 2.119823083332428
seg 6.265607583648531
contour 11.251318043942762
actual chain 30
1 1.0 2.9802 -1.0634 -2.1104 none
2 3.94 3.1930344953501484 -1.4448249606235857 -0.1507916773396403 48:4
3 6.94 2.1593643829382576 -0.5219750215826311 1.3830146619076025 34:3
4 20.0 0.32992 2.2718 -4.7736 none
seg 2.007697263343606
seg 2.067048087877138
seg 7.0039952681808
contour 11.078740619401543
oracle chain 30
1 1.0 2.9802 -1.0634 -2.1104 none
2 3.94 2.191919 -0.626672 0.520144 48:4
3 6.94 1.867523 -0.407491 1.121361 34:3
4 20.0 0.32992 2.2718 -4.7736 none
seg 2.780625831873285
seg 0.717450316513973
seg 6.655327823617031
contour 10.15340397200429
actual chain 34
1 1.0 0.5177 -1.1585 3.0416 none
2 4.45 -0.94368 -0.4056 2.3845 28:1
3 7.87 1.3977 -0.97252 1.129 48:4
4 11.25 2.0047595206356807 0.18826809459476807 0.2762845805506694 30:3
5 14.63 0.27605 -0.41013 2.5432 28:1
6 20.0 -4.1751 -2.111 2.8343 none
seg 1.770387054968489
seg 2.716567474000968
seg 1.56303354049554
seg 2.9129748377368845
seg 4.773932790624517
contour 13.736895697826398
oracle chain 34
1 1.0 0.5177 -1.1585 3.0416 none
2 4.45 -0.283576 -0.844716 1.86103 28:1
3 7.87 1.776362 -0.353746 0.876314 48:4
4 11.25 1.913979 -0.434087 1.246977 30:3
5 14.63 -0.47818 -1.078247 1.909975 28:1
6 20.0 -4.1751 -2.111 2.8343 none
seg 1.4609069620383086
seg 2.3353932656835337
seg 0.40346520858557305
seg 2.564553203754018
seg 3.948186032981982
contour 10.712504673043416
actual chain 48
1 1.0 1.0684 -0.015202 -3.523 none
2 2.58 2.091682 0.7745280000000001 -2.853412 18:2
3 5.69 4.410666 0.21523255999999968 -1.9991880000000002 49:2
4 12.53 4.870789 -3.1167770000000004 0.10756476999999984 30:1
5 16.26 2.2408659999999996 -1.284251399999999 0.042966800000001 34:3
6 20.0 2.2693 0.52704 2.8156 none
seg 1.4557223685057532
seg 2.5338107316129186
seg 3.9689303492204377
seg 3.206059568740495
seg 3.311960128052901
contour 14.476483146132505
oracle chain 48
1 1.0 1.0684 -0.015202 -3.523 none
2 2.58 2.834512 0.728049 -2.656617 18:2
3 5.69 4.598198 -1.270162 -2.350507 49:2
4 12.53 2.190468 -0.626553 0.517701 30:1
5 16.26 1.776072 -0.354536 0.877638 34:3
6 20.0 2.2693 0.52704 2.8156 none
seg 2.1029011265948765
seg 2.6827483741896105
seg 3.799738600094091
seg 0.6125944311483741
seg 2.1854397308560123
contour 11.383422262882965
actual chain 49
1 1.0 2.5544 3.4118 0.11296 none
2 14.67 4.50334 -1.3506525 -2.090878 48:2
3 20.0 5.9549 0.11068 -5.2919 none
seg 5.5978766392803125
seg 3.8064499147683857
contour 9.404326554048698
oracle chain 49
1 1.0 2.5544 3.4118 0.11296 none
2 14.67 4.596649 -1.268032 -2.349141 48:2
3 20.0 5.9549 0.11068 -5.2919 none
seg 5.668646210553804
seg 3.5221475111110836
contour 9.190793721664887
