actual chain 4
1 1.0 -3.0292 0.34956 -1.483 none
2 5.68 -0.6130200798878157 -0.17658164283172212 -0.8168178016477188 40:3
3 10.43 1.6315004928984553 0.11785845120965499 -1.0603469369675385 18:2
4 20.0 2.8162 2.1638 -0.040124999999999966 none
oracle chain 4
1 1.0 -3.0292 0.34956 -1.483 none
2 5.68 -0.468567 -0.23702 -1.128515 40:3
3 10.43 1.597875 0.156853 -1.034016 18:2
4 20.0 2.8162 2.1638 -0.040125 none
actual chain 11
1 1.0 -2.9312 1.1084 -0.92046 none
2 2.73 -1.306494413345888 1.4950669311643738 -1.183756140765773 37:1
3 4.48 -0.06876099212787468 1.5328931235585554 -1.7609844542785675 39:5
4 11.5 0.4891123501499653 -0.744213595195394 -3.4507031954425162 32:2
5 20.0 8.1611 -0.052107000000000014 -5.5524 none
oracle chain 11
1 1.0 -2.9312 1.1084 -0.92046 none
2 2.73 -1.399169 1.509506 -1.279622 37:1
3 4.48 -0.106723 1.514708 -1.746068 39:5
4 11.5 1.815524 -0.77678 -3.377533 32:2
5 20.0 8.1611 -0.052107 -5.5524 none
actual chain 18
1 1.0 -0.030464 -1.5162 0.6286 none
2 5.0 1.6143712627861353 0.1514236844876265 -1.0724183413510715 4:3
3 9.0 3.1719385714805295 0.5933033030480652 -2.9851043327581306 48:2
4 20.0 8.4652 0.34976 -5.3814 none
oracle chain 18
1 1.0 -0.030464 -1.5162 0.6286 none
2 5.0 1.598314 0.157656 -1.032303 4:3
3 9.0 2.83562 0.726703 -2.656775 48:2
4 20.0 8.4652 0.34976 -5.3814 none
actual chain 39
1 1.0 1.1866 0.91737 -0.2428 none
2 3.71 3.3005459999999998 -0.07051167000000001 0.14772614999999997 43:1
3 6.65 4.860205 -0.5392310000000001 -1.3302155000000004 4:3
4 9.82 3.75638 -1.870592 -0.5833851999999997 18:2
5 13.16 4.333416 -0.39858799999999994 -2.180532 11:3
6 20.0 -0.35130000000000006 1.8599 -1.9224 none
oracle chain 39
1 1.0 1.1866 0.91737 -0.2428 none
2 3.71 1.733761 0.532431 -0.221663 43:1
3 6.65 1.687822 0.235781 -0.999334 4:3
4 9.82 1.673239 0.19047 -1.130965 18:2
5 13.16 -0.103755 1.513189 -1.746117 11:3
6 20.0 -0.3513 1.8599 -1.9224 none
actual chain 43
1 1.0 1.9777 -1.4529 0.083448 none
2 4.17 3.142 0.092507 -0.28493 39:1
3 20.0 -4.2438 6.3214 2.1425 none
oracle chain 43
1 1.0 1.9777 -1.4529 0.083448 none
2 4.17 1.730048 0.53636 -0.222815 39:1
3 20.0 -4.2438 6.3214 2.1425 none
