actual-chain39
1 1.0 1.1866 0.91737 -0.2428 none
2 3.71 3.3005459999999998 -0.07051167000000001 0.14772614999999997 43:1
3 6.65 4.860205 -0.5392310000000001 -1.3302155000000004 4:3
4 9.82 3.75638 -1.870592 -0.5833851999999997 18:2
5 13.16 4.333416 -0.39858799999999994 -2.180532 11:3
6 20.0 -0.35130000000000006 1.8599 -1.9224 none
seg 2.3658378132644278
seg 2.199214752451741
seg 1.883801274005326
seg 2.2473638383809242
seg 5.207107083229997
contour 13.903324761332417
oracle-chain39
1 1.0 1.1866 0.91737 -0.2428 none
2 3.71 1.733761 0.532431 -0.221663 43:1
3 6.65 1.687822 0.235781 -0.999334 4:3
4 9.82 1.673239 0.19047 -1.130965 18:2
5 13.16 -0.103755 1.513189 -1.746117 11:3
6 20.0 -0.3513 1.8599 -1.9224 none
seg 0.6693354662730789
seg 0.8335969040621493
seg 0.13997310731351223
seg 2.299066160879456
seg 0.4610452696156856
contour 4.403016908143882
