F                                                                        [100%]
=================================== FAILURES ===================================
_ test_write_reference_log_report_when_z1plus_code_logs_exist_lists_smoke_records _

tmp_path = PosixPath('/tmp/pytest-of-jxm/pytest-298/test_write_reference_log_repor0')

    def test_write_reference_log_report_when_z1plus_code_logs_exist_lists_smoke_records(
        tmp_path: Path,
    ) -> None:
        report_path = tmp_path / "reference-log-smoke.md"
    
        records = write_reference_log_report(
            ReferenceLogReportRequest(
                reference_root=REFERENCE_ROOT,
                report_path=report_path,
                modes=(ReferenceLogMode.Z1PLUS, ReferenceLogMode.PPAPLUS),
                benchmark_ids=("07", "10", "11"),
            ),
        )
    
        text = report_path.read_text(encoding="utf-8")
        assert len(records) == 6
        assert records[0].status == ReferenceLogStatus.PARSEABLE
        assert records[0].chains == 129
        assert records[0].mean_shortest_path_contour == 57.13698
        assert records[0].mean_entanglements == 16.48062
        assert records[0].ree == 24.25065
        assert records[0].app == 10.29270
        assert records[0].bpp == 0.57714
        assert records[0].mean_original_beads == 100.0
        assert records[0].generated_files == (
            "N_values.dat",
            "Ree_values.dat",
            "Lpp_values.dat",
            "Z_values.dat",
            "Z1+SP.dat",
            "Z1+summary.dat",
            "Z1+summary.html",
            "Z1+initconfig.dat",
        )
        assert records[3].mode == ReferenceLogMode.PPAPLUS
        assert records[3].chains == 129
        assert records[3].mean_shortest_path_contour == 64.43319
        assert records[3].mean_entanglements == -1.0
        assert records[3].app == 9.12719
        assert records[3].bpp == 0.65084
        assert records[3].ne_classical_kink is None
        assert records[3].ne_classical_coil == 14.02370
>       assert "Ree | app | bpp | <N>" in text
E       AssertionError: assert 'Ree | app | bpp | <N>' in '# pyz1 reference log smoke\n\n| benchmark | mode | status | chains | Lpp | Z | Ne_CK | Ne_MK | Ne_CC | Ne_MC | genera...lues.dat, Lpp_values.dat, PPA+.dat, PPA+summary.dat, PPA+summary.html, Z1+initconfig.dat | reference log parseable |\n'

tests/test_reference_logs.py:64: AssertionError
=========================== short test summary info ============================
FAILED tests/test_reference_logs.py::test_write_reference_log_report_when_z1plus_code_logs_exist_lists_smoke_records
1 failed in 0.11s
