F                                                                        [100%]
=================================== FAILURES ===================================
_ test_write_benchmark_report_when_contact_relaxation_measures_guarded_spplus __

tmp_path = PosixPath('/tmp/pytest-of-jxm/pytest-316/test_write_benchmark_report_wh0')

    def test_write_benchmark_report_when_contact_relaxation_measures_guarded_spplus(
        tmp_path: Path,
    ) -> None:
        report_path = tmp_path / "pyz1-benchmark-regression.md"

        records = write_benchmark_regression_report(
            RegressionRequest(
                source_dir=SOURCE_Z1,
                oracle_root=ORACLE_ROOT,
                report_path=report_path,
                modes=(RegressionMode.SPPLUS,),
                benchmark_ids=("05",),
                settings_overrides=(
                    RegressionSettingsOverride(
                        mode=RegressionMode.SPPLUS,
                        settings=ReducerSettings(
                            pairing_enabled=True,
                            contact_relaxation_enabled=True,
                        ),
                    ),
                ),
            ),
        )

        text = report_path.read_text(encoding="utf-8")
        assert len(records) == 1
        assert "| benchmark-05 | spplus | yes | mismatch |" in text
        assert records[0].contact_relaxation_enabled is True
        assert records[0].pairing_mismatches == 0
        assert records[0].node_count_mismatches == 0
        assert records[0].pyz1_source_sequence_mismatch_count == 0
        summary_physical_deltas = (
            records[0].mean_squared_end_to_end_delta,
            records[0].coil_tube_diameter_delta,
            records[0].coil_tube_step_length_delta,
            records[0].root_mean_squared_contour_delta,
        )
        assert all(delta is not None for delta in summary_physical_deltas)
        summary_input_deltas = (
>           records[0].mean_original_bond_length_delta,
            ^^^^^^^^^^^^^^^^^^^^^^^^^^^^^^^^^^^^^^^^^^
            records[0].original_bead_density_delta,
        )
E       AttributeError: 'RegressionRecord' object has no attribute 'mean_original_bond_length_delta'

tests/test_spplus_regression.py:1280: AttributeError
=========================== short test summary info ============================
FAILED tests/test_spplus_regression.py::test_write_benchmark_report_when_contact_relaxation_measures_guarded_spplus
1 failed in 31.41s
